Line 44: Class ucXPButton.XPButton of control cmdkeluar was not a loaded control class.
Line 84: Class ucXPButton.XPButton of control cmdSemua was not a loaded control class.
Line 216: Class ucXPButton.XPButton of control cmdcari was not a loaded control class.
Line 51: The property name _ExtentX in cmdkeluar is invalid.
Line 52: The property name _ExtentY in cmdkeluar is invalid.
Line 53: The property name BTYPE in cmdkeluar is invalid.
Line 54: The property name TX in cmdkeluar is invalid.
Line 55: The property name ENAB in cmdkeluar is invalid.
Line 65: The property name COLTYPE in cmdkeluar is invalid.
Line 66: The property name FOCUSR in cmdkeluar is invalid.
Line 67: The property name BCOL in cmdkeluar is invalid.
Line 68: The property name BCOLO in cmdkeluar is invalid.
Line 69: The property name FCOL in cmdkeluar is invalid.
Line 70: The property name FCOLO in cmdkeluar is invalid.
Line 71: The property name MCOL in cmdkeluar is invalid.
Line 72: The property name MPTR in cmdkeluar is invalid.
Line 73: The property name MICON in cmdkeluar is invalid.
Line 74: The property name PICN in cmdkeluar is invalid.
Line 75: The property name UMCOL in cmdkeluar is invalid.
Line 76: The property name SOFT in cmdkeluar is invalid.
Line 77: The property name PICPOS in cmdkeluar is invalid.
Line 78: The property name NGREY in cmdkeluar is invalid.
Line 79: The property name FX in cmdkeluar is invalid.
Line 80: The property name HAND in cmdkeluar is invalid.
Line 81: The property name CHECK in cmdkeluar is invalid.
Line 82: The property name VALUE in cmdkeluar is invalid.
Line 91: The property name _ExtentX in cmdSemua is invalid.
Line 92: The property name _ExtentY in cmdSemua is invalid.
Line 93: The property name BTYPE in cmdSemua is invalid.
Line 94: The property name TX in cmdSemua is invalid.
Line 95: The property name ENAB in cmdSemua is invalid.
Line 105: The property name COLTYPE in cmdSemua is invalid.
Line 106: The property name FOCUSR in cmdSemua is invalid.
Line 107: The property name BCOL in cmdSemua is invalid.
Line 108: The property name BCOLO in cmdSemua is invalid.
Line 109: The property name FCOL in cmdSemua is invalid.
Line 110: The property name FCOLO in cmdSemua is invalid.
Line 111: The property name MCOL in cmdSemua is invalid.
Line 112: The property name MPTR in cmdSemua is invalid.
Line 113: The property name MICON in cmdSemua is invalid.
Line 114: The property name PICN in cmdSemua is invalid.
Line 115: The property name UMCOL in cmdSemua is invalid.
Line 116: The property name SOFT in cmdSemua is invalid.
Line 117: The property name PICPOS in cmdSemua is invalid.
Line 118: The property name NGREY in cmdSemua is invalid.
Line 119: The property name FX in cmdSemua is invalid.
Line 120: The property name HAND in cmdSemua is invalid.
Line 121: The property name CHECK in cmdSemua is invalid.
Line 122: The property name VALUE in cmdSemua is invalid.
Line 222: The property name _ExtentX in cmdcari is invalid.
Line 223: The property name _ExtentY in cmdcari is invalid.
Line 224: The property name BTYPE in cmdcari is invalid.
Line 225: The property name TX in cmdcari is invalid.
Line 226: The property name ENAB in cmdcari is invalid.
Line 236: The property name COLTYPE in cmdcari is invalid.
Line 237: The property name FOCUSR in cmdcari is invalid.
Line 238: The property name BCOL in cmdcari is invalid.
Line 239: The property name BCOLO in cmdcari is invalid.
Line 240: The property name FCOL in cmdcari is invalid.
Line 241: The property name FCOLO in cmdcari is invalid.
Line 242: The property name MCOL in cmdcari is invalid.
Line 243: The property name MPTR in cmdcari is invalid.
Line 244: The property name MICON in cmdcari is invalid.
Line 245: The property name PICN in cmdcari is invalid.
Line 246: The property name UMCOL in cmdcari is invalid.
Line 247: The property name SOFT in cmdcari is invalid.
Line 248: The property name PICPOS in cmdcari is invalid.
Line 249: The property name NGREY in cmdcari is invalid.
Line 250: The property name FX in cmdcari is invalid.
Line 251: The property name HAND in cmdcari is invalid.
Line 252: The property name CHECK in cmdcari is invalid.
Line 253: The property name VALUE in cmdcari is invalid.
Line 51: The property name _ExtentX in cmdkeluar is invalid.
Line 52: The property name _ExtentY in cmdkeluar is invalid.
Line 53: The property name BTYPE in cmdkeluar is invalid.
Line 54: The property name TX in cmdkeluar is invalid.
Line 55: The property name ENAB in cmdkeluar is invalid.
Line 65: The property name COLTYPE in cmdkeluar is invalid.
Line 66: The property name FOCUSR in cmdkeluar is invalid.
Line 67: The property name BCOL in cmdkeluar is invalid.
Line 68: The property name BCOLO in cmdkeluar is invalid.
Line 69: The property name FCOL in cmdkeluar is invalid.
Line 70: The property name FCOLO in cmdkeluar is invalid.
Line 71: The property name MCOL in cmdkeluar is invalid.
Line 72: The property name MPTR in cmdkeluar is invalid.
Line 73: The property name MICON in cmdkeluar is invalid.
Line 74: The property name PICN in cmdkeluar is invalid.
Line 75: The property name UMCOL in cmdkeluar is invalid.
Line 76: The property name SOFT in cmdkeluar is invalid.
Line 77: The property name PICPOS in cmdkeluar is invalid.
Line 78: The property name NGREY in cmdkeluar is invalid.
Line 79: The property name FX in cmdkeluar is invalid.
Line 80: The property name HAND in cmdkeluar is invalid.
Line 81: The property name CHECK in cmdkeluar is invalid.
Line 82: The property name VALUE in cmdkeluar is invalid.
Line 91: The property name _ExtentX in cmdSemua is invalid.
Line 92: The property name _ExtentY in cmdSemua is invalid.
Line 93: The property name BTYPE in cmdSemua is invalid.
Line 94: The property name TX in cmdSemua is invalid.
Line 95: The property name ENAB in cmdSemua is invalid.
Line 105: The property name COLTYPE in cmdSemua is invalid.
Line 106: The property name FOCUSR in cmdSemua is invalid.
Line 107: The property name BCOL in cmdSemua is invalid.
Line 108: The property name BCOLO in cmdSemua is invalid.
Line 109: The property name FCOL in cmdSemua is invalid.
Line 110: The property name FCOLO in cmdSemua is invalid.
Line 111: The property name MCOL in cmdSemua is invalid.
Line 112: The property name MPTR in cmdSemua is invalid.
Line 113: The property name MICON in cmdSemua is invalid.
Line 114: The property name PICN in cmdSemua is invalid.
Line 115: The property name UMCOL in cmdSemua is invalid.
Line 116: The property name SOFT in cmdSemua is invalid.
Line 117: The property name PICPOS in cmdSemua is invalid.
Line 118: The property name NGREY in cmdSemua is invalid.
Line 119: The property name FX in cmdSemua is invalid.
Line 120: The property name HAND in cmdSemua is invalid.
Line 121: The property name CHECK in cmdSemua is invalid.
Line 122: The property name VALUE in cmdSemua is invalid.
Line 222: The property name _ExtentX in cmdcari is invalid.
Line 223: The property name _ExtentY in cmdcari is invalid.
Line 224: The property name BTYPE in cmdcari is invalid.
Line 225: The property name TX in cmdcari is invalid.
Line 226: The property name ENAB in cmdcari is invalid.
Line 236: The property name COLTYPE in cmdcari is invalid.
Line 237: The property name FOCUSR in cmdcari is invalid.
Line 238: The property name BCOL in cmdcari is invalid.
Line 239: The property name BCOLO in cmdcari is invalid.
Line 240: The property name FCOL in cmdcari is invalid.
Line 241: The property name FCOLO in cmdcari is invalid.
Line 242: The property name MCOL in cmdcari is invalid.
Line 243: The property name MPTR in cmdcari is invalid.
Line 244: The property name MICON in cmdcari is invalid.
Line 245: The property name PICN in cmdcari is invalid.
Line 246: The property name UMCOL in cmdcari is invalid.
Line 247: The property name SOFT in cmdcari is invalid.
Line 248: The property name PICPOS in cmdcari is invalid.
Line 249: The property name NGREY in cmdcari is invalid.
Line 250: The property name FX in cmdcari is invalid.
Line 251: The property name HAND in cmdcari is invalid.
Line 252: The property name CHECK in cmdcari is invalid.
Line 253: The property name VALUE in cmdcari is invalid.
